 PROGRAM "EM1DFM" (v1.0).
 
 Run started at 12:23:54.178, 19/12/2016.
 
 Reading inputs ...
 Filename root:                 "em1dfm".
 Number of soundings:           1.
 Observations file:             "Obs1D.dat".
 Model type:                    1  (conductivity).
 Starting conductivity model:   "EM1D_constart.dat".
 Ref. (small.) cond. model:     "EM1D_conref.dat".
 Background susc. model:        "EM1D_susref.dat".
 Ref. (flat.) cond. model:      NONE.
 Additional model weights:      NONE.
 alpha_s:                       0.100E-01.
 alpha_z:                       1.00.
 Inversion algorithm:           1  (fixed trade-off parameter).
 Supplied trade-off parameter:  200.0.
 Max. number of iterations:     1.
 Convergence param. (default):  0.100E-01.
 No. of lambdas (default):      50.
 Level of output:               2.
 Finished reading inputs.
 
 Sounding 1 (-112.5,-112.5).
 Initial phid= 2.1862, beta= 200.00, phim= 0.0000, Phi= 2.1862.
 Iteration 1: phid= 0.89960, beta= 200.00, phim= 0.21884E-02, Phi= 1.3373.
 One iteration completed.
 
 Conductivity model:           "em1dfm.con".
 Predicted data:               "em1dfm.prd".
 
 The End! [12:23:54.266, 19/12/2016]
