 PROGRAM "EM1DTM" (v1.0).
 
 Run started at 10:38:58.721, 18/12/2016.
 
 Reading inputs ...
 Root for file names:           "em1dtm".
 Number of soundings:           1.
 Observations file:             "em1dtm.obs".
 No. of discretized waveforms:  1.
 Starting conductivity model:   "inimodel.con".
 Ref. (small.) cond. model:     "refmodel.con".
 Ref. (flat.) cond. model:      NONE.
 Additional model weights:      NONE.
 Huber c:                       0.100E+04.
 Ekblom p (small.):             2.00.
 Ekblom epsilon (small.):       0.100E-03.
 Ekblom p (flat.):              2.00.
 Ekblom epsilon (flat.):        0.100E-03.
 alpha_s:                       0.100E-01.
 alpha_z:                       1.00.
 Inversion algorithm:           1  (fixed trade-off parameter).
 Supplied trade-off parameter:  12.50.
 Max. number of iterations:     1.
 Convergence param. (default):  0.100E-01.
 No. of lambdas (default):      70.
 No. of frequencies (default):  50.
 Level of output:               2.
 
 Sounding 1 (150.0,-112.5).
 Initial phid= 9706.1, beta= 12.500, phim= 0.95941E-02, Phi= 9706.3.
 Iteration 1: phid= 1092.7, beta= 12.500, phim= 2.3982, Phi= 1122.7.
 One iteration completed.
 
 Conductivity model:           "em1dtm.con".
 
 The End! [10:38:58.983, 18/12/2016]
