   78  iter    data misfit       model norm              beta
       0       1.70618E+08       2.18667E-13       0.00000E+00
       1       9.79835E+07       2.48421E+03       1.76043E+03
       2       1.47324E+08       2.62476E+03       9.09312E+01
       3       1.36675E+08       4.26885E+03       3.63725E+02
       4       1.07475E+08       5.28294E+03       1.81862E+02
       5       1.64191E+08       8.71096E+02       3.63725E+02
       6       3.16506E+16       7.13686E+04       3.42362E-02
       7       4.29253E+15       7.14596E+04       1.04481E+02
       8       5.83326E+14       7.15592E+04       4.98203E+05
       9       7.95712E+13       6.83366E+04       2.37562E+09
      10       1.72325E+08       1.81596E+02       1.90049E+12
      11       1.70618E+08       1.08795E-06       9.50246E+11
      12       1.70618E+08       1.07450E-06       4.75123E+11
      13       1.70618E+08       1.07451E-06       2.37562E+11
      14       1.70618E+08       1.07452E-06       1.18781E+11
      15       1.70618E+08       1.07456E-06       5.93904E+10
      16       1.70618E+08       1.07472E-06       2.96952E+10
      17       1.70618E+08       1.07539E-06       1.48476E+10
      18       1.70618E+08       1.07806E-06       7.42380E+09
      19       1.70618E+08       1.08873E-06       3.71190E+09
      20       1.70618E+08       1.13140E-06       1.85595E+09
      21       1.70617E+08       1.30212E-06       9.27975E+08
      22       1.70617E+08       1.98504E-06       4.63987E+08
      23       1.70616E+08       4.71747E-06       2.31994E+08
      24       1.70615E+08       1.56525E-05       1.15997E+08
      25       1.70612E+08       5.93002E-05       5.79984E+07
      26       1.70605E+08       2.33836E-04       2.89992E+07
      27       1.70593E+08       9.38514E-04       1.44996E+07
      28       1.70567E+08       3.77950E-03       7.24980E+06
      29       1.70515E+08       1.53243E-02       3.62490E+06
      30       1.70407E+08       6.29915E-02       1.81245E+06
      31       1.70170E+08       2.66254E-01       9.06225E+05
      32       8.50602E+07       1.86002E+03       2.98470E+03
      33       1.19713E+08       2.90596E+03       3.18530E+01
      34       1.37053E+08       4.46774E+03       7.96325E+00
      35       7.81065E+07       2.86535E+03       4.07719E+03
      36       6.98376E+07       2.74149E+03       1.01930E+03
      37       8.99263E+07       3.76623E+03       1.01930E+03
      38       8.54323E+07       7.62943E+03       2.54824E+02
      39       4.33996E+08       8.55943E+03       1.31624E+01
      40       1.33370E+07       4.82944E+03       6.73915E+03
      41       6.67298E+06       3.53331E+03       4.33976E+03
      42       3.28377E+06       2.53240E+03       3.92719E+03
      43       1.58674E+06       2.18324E+03       2.31638E+03
      44       8.44075E+05       2.30693E+03       2.63225E+02
      45       7.24641E+05       2.39561E+03       1.31613E+02
      46       6.67076E+05       2.47198E+03       6.58063E+01
      47       6.24197E+05       2.54450E+03       3.29031E+01
      48       5.90796E+05       2.61109E+03       1.64516E+01
      49       5.65499E+05       2.67116E+03       8.22578E+00
      50       5.45812E+05       2.72598E+03       4.11289E+00
      51       5.30546E+05       2.77507E+03       2.05645E+00
      52       5.18369E+05       2.81891E+03       1.02822E+00
      53       5.08467E+05       2.85781E+03       5.14111E-01
      54       5.00266E+05       2.89227E+03       2.57056E-01
      55       4.93230E+05       2.92337E+03       1.28528E-01
      56       4.87086E+05       2.95158E+03       6.42639E-02
      57       4.81638E+05       2.97731E+03       3.21320E-02
      58       4.76744E+05       3.00094E+03       1.60660E-02
      59       4.72296E+05       3.02279E+03       8.03299E-03
      60       4.68214E+05       3.04315E+03       4.01649E-03
      61       4.64434E+05       3.06224E+03       2.00825E-03
      62       4.60908E+05       3.08026E+03       1.00412E-03
      63       4.57596E+05       3.09739E+03       5.02062E-04
      64       4.54467E+05       3.11375E+03       2.51031E-04
      65       4.51496E+05       3.12948E+03       1.25515E-04
      66       4.48661E+05       3.14466E+03       6.27577E-05
      67       4.45946E+05       3.15939E+03       3.13789E-05
      68       4.43342E+05       3.17372E+03       1.56894E-05
      69       4.40839E+05       3.18771E+03       7.84472E-06
      70       4.38434E+05       3.20138E+03       3.92236E-06
      71       4.36127E+05       3.21476E+03       1.96118E-06
      72       4.33919E+05       3.22784E+03       9.80590E-07
      73       4.31813E+05       3.24062E+03       4.90295E-07
      74       4.29809E+05       3.25310E+03       2.45147E-07
      75       4.27905E+05       3.26527E+03       1.22574E-07
      76       4.26096E+05       3.27713E+03       6.12868E-08
      77       4.24376E+05       3.28869E+03       3.06434E-08
      78       4.22736E+05       3.29996E+03       1.53217E-08
 1.08000E+03 target misfit
         540 number of data
